2026-04-01 20:05:59,418 [INFO] Activator:176 - 


2026-04-01 20:05:59,421 [INFO] Activator:177 - !SESSION log4j initialized
2026-04-01 20:06:06,215 [INFO] LogOutputStream:77 - [STDOUT_REDIRECT] 
2026-04-01 20:06:11,532 [INFO] ApplicationProperties:184 - Using Application install path: C:\ST\STM32CubeIDE_1.17.0\STM32CubeIDE\plugins\com.st.stm32cube.common.mx_6.13.0.202411220809
2026-04-01 20:06:11,564 [INFO] DbMcusXml:78 - Set database path to: C:\ST\STM32CubeIDE_1.17.0\STM32CubeIDE\plugins\com.st.stm32cube.common.mx_6.13.0.202411220809\\db\/mcu/
2026-04-01 20:06:11,565 [INFO] ApiDb:274 - Set plugin database path to: C:\ST\STM32CubeIDE_1.17.0\STM32CubeIDE\plugins\com.st.stm32cube.common.mx_6.13.0.202411220809\\db\/plugins/boardmanager/
2026-04-01 20:06:11,566 [WARN] ApiDb:259 - Overriding images path with different value:  => C:\ST\STM32CubeIDE_1.17.0\STM32CubeIDE\plugins\com.st.stm32cube.common.mx_6.13.0.202411220809\\db\/plugins/mcufinder/images/
2026-04-01 20:06:11,577 [INFO] ApiDb:250 - Set database path to: C:\Users\nikit\.stmcufinder\plugins\mcufinder//mcu/
2026-04-01 20:06:11,578 [INFO] DbMcusAds:125 - Set database path to: C:\Users\nikit\.stmcufinder\plugins\mcufinder//mcu/
2026-04-01 20:06:11,583 [INFO] CrossReferenceDbSqlite:203 - Set database path to: C:\Users\nikit\.stmcufinder\plugins\mcufinder//mcu/cs/
2026-04-01 20:06:11,804 [INFO] RulesReader:64 - Compatibility file has been processed (297 Rules)
2026-04-01 20:06:11,951 [INFO] DbMcusXml:78 - Set database path to: C:\ST\STM32CubeIDE_1.17.0\STM32CubeIDE\plugins\com.st.stm32cube.common.mx_6.13.0.202411220809\\db\/mcu/
2026-04-01 20:06:11,952 [INFO] ApiDb:274 - Set plugin database path to: C:\ST\STM32CubeIDE_1.17.0\STM32CubeIDE\plugins\com.st.stm32cube.common.mx_6.13.0.202411220809\\db\/plugins/boardmanager/
2026-04-01 20:06:11,952 [INFO] ApiDb:261 - Set plugin images path to: C:\ST\STM32CubeIDE_1.17.0\STM32CubeIDE\plugins\com.st.stm32cube.common.mx_6.13.0.202411220809\\db\/plugins/mcufinder/images/
2026-04-01 20:06:11,952 [WARN] DbFile:41 - Overriding database path with different value: C:\Users\nikit\.stmcufinder\plugins\mcufinder/ => C:\Users\nikit\.stmcufinder\plugins\mcufinder
2026-04-01 20:06:11,952 [INFO] ApiDb:250 - Set database path to: C:\Users\nikit\.stmcufinder\plugins\mcufinder//mcu/
2026-04-01 20:06:11,953 [WARN] DbFile:41 - Overriding database path with different value: C:\Users\nikit\.stmcufinder\plugins\mcufinder/ => C:\Users\nikit\.stmcufinder\plugins\mcufinder
2026-04-01 20:06:11,953 [INFO] DbMcusAds:125 - Set database path to: C:\Users\nikit\.stmcufinder\plugins\mcufinder//mcu/
2026-04-01 20:06:11,953 [WARN] DbFile:41 - Overriding database path with different value: C:\Users\nikit\.stmcufinder\plugins\mcufinder/ => C:\Users\nikit\.stmcufinder\plugins\mcufinder
2026-04-01 20:06:11,953 [WARN] DbFile:41 - Overriding database path with different value: C:\Users\nikit\.stmcufinder\plugins\mcufinder/ => C:\Users\nikit\.stmcufinder\plugins\mcufinder
2026-04-01 20:06:11,954 [INFO] CrossReferenceDbSqlite:203 - Set database path to: C:\Users\nikit\.stmcufinder\plugins\mcufinder//mcu/cs/
2026-04-01 20:06:12,098 [INFO] MainPanel:272 - HeapMemory: 268435456
2026-04-01 20:06:12,341 [INFO] DbMcusXml:78 - Set database path to: C:\ST\STM32CubeIDE_1.17.0\STM32CubeIDE\plugins\com.st.stm32cube.common.mx_6.13.0.202411220809\\db\/mcu/
2026-04-01 20:06:12,341 [INFO] ApiDb:274 - Set plugin database path to: C:\ST\STM32CubeIDE_1.17.0\STM32CubeIDE\plugins\com.st.stm32cube.common.mx_6.13.0.202411220809\\db\/plugins/boardmanager/
2026-04-01 20:06:12,341 [INFO] ApiDb:261 - Set plugin images path to: C:\ST\STM32CubeIDE_1.17.0\STM32CubeIDE\plugins\com.st.stm32cube.common.mx_6.13.0.202411220809\\db\/plugins/mcufinder/images/
2026-04-01 20:06:12,342 [WARN] DbFile:41 - Overriding database path with different value: C:\Users\nikit\.stmcufinder\plugins\mcufinder/ => C:\Users\nikit\.stmcufinder\plugins\mcufinder
2026-04-01 20:06:12,342 [INFO] ApiDb:250 - Set database path to: C:\Users\nikit\.stmcufinder\plugins\mcufinder//mcu/
2026-04-01 20:06:12,343 [WARN] DbFile:41 - Overriding database path with different value: C:\Users\nikit\.stmcufinder\plugins\mcufinder/ => C:\Users\nikit\.stmcufinder\plugins\mcufinder
2026-04-01 20:06:12,343 [INFO] DbMcusAds:125 - Set database path to: C:\Users\nikit\.stmcufinder\plugins\mcufinder//mcu/
2026-04-01 20:06:12,344 [WARN] DbFile:41 - Overriding database path with different value: C:\Users\nikit\.stmcufinder\plugins\mcufinder/ => C:\Users\nikit\.stmcufinder\plugins\mcufinder
2026-04-01 20:06:12,344 [WARN] DbFile:41 - Overriding database path with different value: C:\Users\nikit\.stmcufinder\plugins\mcufinder/ => C:\Users\nikit\.stmcufinder\plugins\mcufinder
2026-04-01 20:06:12,345 [INFO] CrossReferenceDbSqlite:203 - Set database path to: C:\Users\nikit\.stmcufinder\plugins\mcufinder//mcu/cs/
2026-04-01 20:06:12,387 [INFO] ApplicationProperties:184 - Using Application install path: C:\ST\STM32CubeIDE_1.17.0\STM32CubeIDE\plugins\com.st.stm32cube.common.mx_6.13.0.202411220809
2026-04-01 20:06:12,390 [INFO] PluginManage:196 - Search for loadable plugins [exclusion list=, ]
2026-04-01 20:06:12,393 [INFO] PluginManage:310 - Check plugin analytics
2026-04-01 20:06:12,881 [INFO] AnalyticsPlugin:253 - Accepted Software Licenses: 
2026-04-01 20:06:12,881 [INFO] AnalyticsPlugin:255 - Accepted CMSIS Pack Licenses: 
2026-04-01 20:06:12,882 [INFO] AnalyticsPlugin:257 - Accepted Firmware Licenses: 
2026-04-01 20:06:12,887 [INFO] PluginManage:359 - Loaded plugin analytics (category:tool,tabindex:-1)
2026-04-01 20:06:12,888 [INFO] PluginManage:310 - Check plugin cadmodel
2026-04-01 20:06:12,895 [INFO] CADModel:105 - Init CAD model plugin
2026-04-01 20:06:12,896 [INFO] PluginManage:359 - Loaded plugin cadmodel (category:power,tabindex:5)
2026-04-01 20:06:12,896 [INFO] PluginManage:310 - Check plugin clock
2026-04-01 20:06:12,965 [INFO] PluginManage:359 - Loaded plugin clock (category:base,tabindex:2)
2026-04-01 20:06:12,966 [INFO] PluginManage:310 - Check plugin ddr
2026-04-01 20:06:12,988 [INFO] PluginManage:359 - Loaded plugin ddr (category:tool,tabindex:6)
2026-04-01 20:06:12,988 [INFO] PluginManage:310 - Check plugin filemanager
2026-04-01 20:06:13,714 [INFO] PluginManage:359 - Loaded plugin filemanager (category:base,tabindex:10)
2026-04-01 20:06:13,715 [INFO] PluginManage:310 - Check plugin ipmanager
2026-04-01 20:06:13,732 [INFO] PluginManage:359 - Loaded plugin ipmanager (category:base,tabindex:5)
2026-04-01 20:06:13,732 [INFO] PluginManage:310 - Check plugin lpbam
2026-04-01 20:06:13,776 [INFO] PluginManage:359 - Loaded plugin lpbam (category:base,tabindex:0)
2026-04-01 20:06:13,777 [INFO] PluginManage:310 - Check plugin memorymap
2026-04-01 20:06:13,874 [INFO] PluginManage:359 - Loaded plugin memorymap (category:base,tabindex:4)
2026-04-01 20:06:13,875 [INFO] PluginManage:310 - Check plugin pinoutandconfiguration
2026-04-01 20:06:13,949 [INFO] PluginManage:359 - Loaded plugin pinoutandconfiguration (category:base,tabindex:1)
2026-04-01 20:06:13,949 [INFO] PluginManage:310 - Check plugin pinoutconfig
2026-04-01 20:06:14,191 [WARN] SupportedApi:132 - Cannot load RTOS API schema: s4s-elt-must-match.1: The content of 'definitions' must match (annotation?, (simpleType | complexType)?, (unique | key | keyref)*)). A problem was found starting at: attribute.
2026-04-01 20:06:14,549 [INFO] PluginManage:359 - Loaded plugin pinoutconfig (category:base,tabindex:0)
2026-04-01 20:06:14,550 [INFO] PluginManage:310 - Check plugin power
2026-04-01 20:06:14,615 [INFO] PluginManage:359 - Loaded plugin power (category:power,tabindex:4)
2026-04-01 20:06:14,615 [INFO] PluginManage:310 - Check plugin projectmanager
2026-04-01 20:06:14,708 [INFO] PluginManage:359 - Loaded plugin projectmanager (category:projectmanager,tabindex:4)
2026-04-01 20:06:14,708 [INFO] PluginManage:310 - Check plugin rif
2026-04-01 20:06:14,766 [INFO] PluginManage:359 - Loaded plugin rif (category:base,tabindex:3)
2026-04-01 20:06:14,767 [INFO] PluginManage:310 - Check plugin thirdparty
2026-04-01 20:06:15,548 [INFO] PluginManage:359 - Loaded plugin thirdparty (category:base,tabindex:-1)
2026-04-01 20:06:15,549 [INFO] PluginManage:310 - Check plugin tools
2026-04-01 20:06:15,548 [WARN] IntegrityCheckThread:84 - waiting for thirdparty lock release [integrity check]
2026-04-01 20:06:15,550 [INFO] IntegrityCheckThread:86 - entering critical section [integrity check]
2026-04-01 20:06:15,551 [INFO] ThirdPartyUpdaterWithRetryManager:70 - Updater plugin not ready yet. [1/15]
2026-04-01 20:06:15,632 [INFO] PluginManage:359 - Loaded plugin tools (category:base,tabindex:7)
2026-04-01 20:06:15,632 [INFO] PluginManage:310 - Check plugin tutovideos
2026-04-01 20:06:15,989 [INFO] PluginManage:359 - Loaded plugin tutovideos (category:base,tabindex:-1)
2026-04-01 20:06:15,989 [INFO] PluginManage:310 - Check plugin updater
2026-04-01 20:06:16,060 [INFO] PluginManage:359 - Loaded plugin updater (category:base,tabindex:12)
2026-04-01 20:06:16,061 [INFO] PluginManage:310 - Check plugin userauth
2026-04-01 20:06:16,091 [INFO] UserAuth:118 - Init User Auth plugin
2026-04-01 20:06:16,093 [INFO] PluginManage:359 - Loaded plugin userauth (category:base,tabindex:14)
2026-04-01 20:06:16,093 [INFO] PluginManage:283 - PluginManage : Loaded plugins [18]
2026-04-01 20:06:16,922 [INFO] PinOutPanel:1589 - setPackage(No Configuration,No Configuration)
2026-04-01 20:06:17,165 [INFO] CADModel:165 - CPN selected for project level
2026-04-01 20:06:17,166 [INFO] CADModel:114 - Register for checkConnection events
2026-04-01 20:06:17,266 [INFO] IPUIPlugin:80 - create IPUIPlugin
2026-04-01 20:06:17,266 [INFO] PluginManager:220 - loadIPPluginJar : add adc
2026-04-01 20:06:17,368 [INFO] IPUIPlugin:80 - create IPUIPlugin
2026-04-01 20:06:17,369 [INFO] PluginManager:220 - loadIPPluginJar : add aes
2026-04-01 20:06:17,450 [INFO] IPUIPlugin:80 - create IPUIPlugin
2026-04-01 20:06:17,451 [INFO] PluginManager:220 - loadIPPluginJar : add can
2026-04-01 20:06:17,534 [INFO] IPUIPlugin:80 - create IPUIPlugin
2026-04-01 20:06:17,535 [INFO] PluginManager:220 - loadIPPluginJar : add comp
2026-04-01 20:06:17,607 [INFO] IPUIPlugin:80 - create IPUIPlugin
2026-04-01 20:06:17,608 [INFO] PluginManager:220 - loadIPPluginJar : add cryp
2026-04-01 20:06:17,648 [INFO] IPUIPlugin:80 - create IPUIPlugin
2026-04-01 20:06:17,648 [INFO] PluginManager:220 - loadIPPluginJar : add ddr_ctrl_phy
2026-04-01 20:06:17,655 [INFO] IPUIPlugin:80 - create IPUIPlugin
2026-04-01 20:06:17,655 [INFO] PluginManager:220 - loadIPPluginJar : add dfsdm
2026-04-01 20:06:17,697 [INFO] IPUIPlugin:80 - create IPUIPlugin
2026-04-01 20:06:17,698 [INFO] PluginManager:220 - loadIPPluginJar : add dma
2026-04-01 20:06:17,784 [INFO] IPUIPlugin:80 - create IPUIPlugin
2026-04-01 20:06:17,784 [INFO] PluginManager:220 - loadIPPluginJar : add dma3
2026-04-01 20:06:17,929 [INFO] IPUIPlugin:80 - create IPUIPlugin
2026-04-01 20:06:17,930 [INFO] PluginManager:220 - loadIPPluginJar : add extmemmanager
2026-04-01 20:06:17,982 [INFO] IPUIPlugin:80 - create IPUIPlugin
2026-04-01 20:06:17,982 [INFO] PluginManager:220 - loadIPPluginJar : add fatfs
2026-04-01 20:06:18,076 [INFO] IPUIPlugin:80 - create IPUIPlugin
2026-04-01 20:06:18,076 [INFO] PluginManager:220 - loadIPPluginJar : add fmc
2026-04-01 20:06:18,113 [INFO] IPUIPlugin:80 - create IPUIPlugin
2026-04-01 20:06:18,113 [INFO] PluginManager:220 - loadIPPluginJar : add freertos
2026-04-01 20:06:18,163 [INFO] IPUIPlugin:80 - create IPUIPlugin
2026-04-01 20:06:18,164 [INFO] PluginManager:220 - loadIPPluginJar : add genericplugin
2026-04-01 20:06:18,429 [INFO] IPUIPlugin:80 - create IPUIPlugin
2026-04-01 20:06:18,429 [INFO] PluginManager:220 - loadIPPluginJar : add gfxmmu
2026-04-01 20:06:18,552 [INFO] ThirdPartyUpdaterWithRetryManager:70 - Updater plugin not ready yet. [2/15]
2026-04-01 20:06:18,713 [INFO] IPUIPlugin:80 - create IPUIPlugin
2026-04-01 20:06:18,713 [INFO] PluginManager:220 - loadIPPluginJar : add gic
2026-04-01 20:06:18,767 [INFO] IPUIPlugin:80 - create IPUIPlugin
2026-04-01 20:06:18,767 [INFO] PluginManager:220 - loadIPPluginJar : add gpio
2026-04-01 20:06:18,967 [INFO] IPUIPlugin:80 - create IPUIPlugin
2026-04-01 20:06:18,967 [INFO] PluginManager:220 - loadIPPluginJar : add gtzc
2026-04-01 20:06:19,042 [INFO] IPUIPlugin:80 - create IPUIPlugin
2026-04-01 20:06:19,043 [INFO] PluginManager:220 - loadIPPluginJar : add hash
2026-04-01 20:06:19,149 [INFO] IPUIPlugin:80 - create IPUIPlugin
2026-04-01 20:06:19,149 [INFO] PluginManager:220 - loadIPPluginJar : add i2c
2026-04-01 20:06:19,226 [INFO] IPUIPlugin:80 - create IPUIPlugin
2026-04-01 20:06:19,226 [INFO] PluginManager:220 - loadIPPluginJar : add i2s
2026-04-01 20:06:19,335 [INFO] IPUIPlugin:80 - create IPUIPlugin
2026-04-01 20:06:19,335 [INFO] PluginManager:220 - loadIPPluginJar : add i3c
2026-04-01 20:06:19,551 [INFO] IPUIPlugin:80 - create IPUIPlugin
2026-04-01 20:06:19,551 [INFO] PluginManager:220 - loadIPPluginJar : add ipddr
2026-04-01 20:06:19,721 [INFO] IPUIPlugin:80 - create IPUIPlugin
2026-04-01 20:06:19,721 [INFO] PluginManager:220 - loadIPPluginJar : add linkedlist
2026-04-01 20:06:19,799 [INFO] IPUIPlugin:80 - create IPUIPlugin
2026-04-01 20:06:19,799 [INFO] PluginManager:220 - loadIPPluginJar : add lorawan
2026-04-01 20:06:19,872 [INFO] IPUIPlugin:80 - create IPUIPlugin
2026-04-01 20:06:19,872 [INFO] PluginManager:220 - loadIPPluginJar : add ltdc
2026-04-01 20:06:19,912 [INFO] IPUIPlugin:80 - create IPUIPlugin
2026-04-01 20:06:19,912 [INFO] PluginManager:220 - loadIPPluginJar : add mdma
2026-04-01 20:06:19,942 [INFO] IPUIPlugin:80 - create IPUIPlugin
2026-04-01 20:06:19,942 [INFO] PluginManager:220 - loadIPPluginJar : add nvic
2026-04-01 20:06:20,064 [INFO] IPUIPlugin:80 - create IPUIPlugin
2026-04-01 20:06:20,065 [INFO] PluginManager:220 - loadIPPluginJar : add opamp
2026-04-01 20:06:20,197 [INFO] IPUIPlugin:80 - create IPUIPlugin
2026-04-01 20:06:20,197 [INFO] PluginManager:220 - loadIPPluginJar : add openamp
2026-04-01 20:06:20,327 [INFO] IPUIPlugin:80 - create IPUIPlugin
2026-04-01 20:06:20,327 [INFO] PluginManager:220 - loadIPPluginJar : add pdm2pcm
2026-04-01 20:06:20,354 [INFO] IPUIPlugin:80 - create IPUIPlugin
2026-04-01 20:06:20,358 [INFO] PluginManager:220 - loadIPPluginJar : add plateformsettings
2026-04-01 20:06:20,362 [INFO] IPUIPlugin:80 - create IPUIPlugin
2026-04-01 20:06:20,363 [INFO] PluginManager:220 - loadIPPluginJar : add quadspi
2026-04-01 20:06:20,368 [INFO] IPUIPlugin:80 - create IPUIPlugin
2026-04-01 20:06:20,369 [INFO] PluginManager:220 - loadIPPluginJar : add radio
2026-04-01 20:06:20,401 [INFO] IPUIPlugin:80 - create IPUIPlugin
2026-04-01 20:06:20,401 [INFO] PluginManager:220 - loadIPPluginJar : add resmgrutility
2026-04-01 20:06:20,493 [INFO] IPUIPlugin:80 - create IPUIPlugin
2026-04-01 20:06:20,493 [INFO] PluginManager:220 - loadIPPluginJar : add sai
2026-04-01 20:06:20,577 [INFO] IPUIPlugin:80 - create IPUIPlugin
2026-04-01 20:06:20,577 [INFO] PluginManager:220 - loadIPPluginJar : add spi
2026-04-01 20:06:20,708 [INFO] IPUIPlugin:80 - create IPUIPlugin
2026-04-01 20:06:20,708 [INFO] PluginManager:220 - loadIPPluginJar : add stm32_wpan
2026-04-01 20:06:20,760 [INFO] IPUIPlugin:80 - create IPUIPlugin
2026-04-01 20:06:20,760 [INFO] PluginManager:220 - loadIPPluginJar : add tim
2026-04-01 20:06:20,890 [INFO] IPUIPlugin:80 - create IPUIPlugin
2026-04-01 20:06:20,890 [INFO] PluginManager:220 - loadIPPluginJar : add touchsensing
2026-04-01 20:06:20,943 [INFO] IPUIPlugin:80 - create IPUIPlugin
2026-04-01 20:06:20,943 [INFO] PluginManager:220 - loadIPPluginJar : add tracer_emb
2026-04-01 20:06:21,000 [INFO] IPUIPlugin:80 - create IPUIPlugin
2026-04-01 20:06:21,000 [INFO] PluginManager:220 - loadIPPluginJar : add ts
2026-04-01 20:06:21,047 [INFO] IPUIPlugin:80 - create IPUIPlugin
2026-04-01 20:06:21,048 [INFO] PluginManager:220 - loadIPPluginJar : add tsc
2026-04-01 20:06:21,109 [INFO] IPUIPlugin:80 - create IPUIPlugin
2026-04-01 20:06:21,109 [INFO] PluginManager:220 - loadIPPluginJar : add ucpd
2026-04-01 20:06:21,218 [INFO] IPUIPlugin:80 - create IPUIPlugin
2026-04-01 20:06:21,218 [INFO] PluginManager:220 - loadIPPluginJar : add usart
2026-04-01 20:06:21,301 [INFO] IPUIPlugin:80 - create IPUIPlugin
2026-04-01 20:06:21,301 [INFO] PluginManager:220 - loadIPPluginJar : add usbx
2026-04-01 20:06:21,554 [INFO] ThirdPartyUpdaterWithRetryManager:70 - Updater plugin not ready yet. [3/15]
2026-04-01 20:06:21,557 [FATAL] Updater:351 - Updater called before beeing initialized
2026-04-01 20:06:21,637 [INFO] RulesReader:64 - Compatibility file has been processed (297 Rules)
2026-04-01 20:06:21,662 [INFO] RulesReader:64 - Compatibility file has been processed (297 Rules)
2026-04-01 20:06:21,681 [INFO] CADModel:165 - CPN selected for project level
2026-04-01 20:06:21,682 [INFO] CADModel:114 - Register for checkConnection events
2026-04-01 20:06:21,682 [FATAL] Updater:351 - Updater called before beeing initialized
2026-04-01 20:06:21,682 [ERROR] CADModel:125 - Updater not yet initialized, retry later 
2026-04-01 20:06:22,113 [FATAL] Updater:351 - Updater called before beeing initialized
2026-04-01 20:06:22,134 [INFO] CADModel:165 - CPN selected for project level
2026-04-01 20:06:22,134 [INFO] CADModel:114 - Register for checkConnection events
2026-04-01 20:06:22,135 [FATAL] Updater:351 - Updater called before beeing initialized
2026-04-01 20:06:22,135 [ERROR] CADModel:125 - Updater not yet initialized, retry later 
2026-04-01 20:06:22,140 [FATAL] Updater:351 - Updater called before beeing initialized
2026-04-01 20:06:22,409 [FATAL] Updater:351 - Updater called before beeing initialized
2026-04-01 20:06:22,443 [INFO] DbMcusAds:53 - JSON generation date=Thu Sep 30 09:55:09 MSK 2021 (1632984909247)
2026-04-01 20:06:22,443 [FATAL] Updater:351 - Updater called before beeing initialized
2026-04-01 20:06:22,708 [WARN] DetailPanel:346 - Failed to get advertising image, set to default
2026-04-01 20:06:23,224 [FATAL] Updater:351 - Updater called before beeing initialized
2026-04-01 20:06:23,229 [FATAL] Updater:351 - Updater called before beeing initialized
2026-04-01 20:06:23,229 [FATAL] Updater:351 - Updater called before beeing initialized
2026-04-01 20:06:23,229 [WARN] DetailPanel:346 - Failed to get advertising image, set to default
2026-04-01 20:06:23,230 [FATAL] Updater:351 - Updater called before beeing initialized
2026-04-01 20:06:23,398 [ERROR] Updater:1198 - MainUpdater not yet initialized. External WinMGr cannot be set.
2026-04-01 20:06:23,423 [INFO] Updater:1134 - Updater Version found : 6.13.0
2026-04-01 20:06:23,470 [INFO] ApplicationProperties:184 - Using Application install path: C:\ST\STM32CubeIDE_1.17.0\STM32CubeIDE\plugins\com.st.stm32cube.common.mx_6.13.0.202411220809
2026-04-01 20:06:24,558 [FATAL] Updater:351 - Updater called before beeing initialized
2026-04-01 20:06:24,560 [ERROR] IntegrityCheckThread:130 - Cannot retrieve database content from updater: error 21
2026-04-01 20:06:24,561 [INFO] ThirdParty:978 - Integrity check success = false
2026-04-01 20:06:24,561 [INFO] IntegrityCheckThread:100 - exiting critical section [integrity check]
2026-04-01 20:06:24,561 [INFO] IntegrityCheckThread:103 - End integrity checks thread
2026-04-01 20:06:24,858 [ERROR] CheckConnectionManager:249 - Problem, Http access forbiden
2026-04-01 20:06:24,867 [INFO] MainUpdater:2872 - connection check result : 22
2026-04-01 20:06:24,868 [INFO] MainUpdater:289 - Updater Check For Update Now.
2026-04-01 20:06:24,869 [INFO] MicroXplorer:498 - Change Database Version : DB.6.0.130
2026-04-01 20:06:25,005 [INFO] McuFinderGlobals:63 - Set McuFinder mode to 2 (CubeIDE integrated)
2026-04-01 20:06:25,006 [INFO] UserAuth:171 - activating auth plugin
2026-04-01 20:06:25,037 [INFO] UserAuth:486 - Internet connection configuration mode: 2
2026-04-01 20:06:25,094 [INFO] UserAuth:486 - Internet connection configuration mode: 2
2026-04-01 20:06:25,966 [INFO] CheckServerUpdateThread:120 - End of CheckServer Thread
